<?xml version="1.0" encoding="UTF-8"?>
<!-- Generated by org.testng.reporters.JUnitReportReporter -->
<testsuite hostname="DESKTOP-6U77UJE" failures="0" tests="1" name="demo.flipkartTest" time="20.531" errors="0" timestamp="2021-07-25T16:24:57 IST" skipped="0">
  <testcase classname="demo.flipkartTest" name="function" time="20.531"/>
  <system-out/>
</testsuite> <!-- demo.flipkartTest -->
