<?xml version="1.0" encoding="UTF-8"?>
<!-- Generated by org.testng.reporters.JUnitReportReporter -->
<testsuite hostname="DESKTOP-6U77UJE" failures="0" tests="1" name="automationTask.flipKartTest" time="23.590" errors="0" timestamp="2021-07-25T16:28:09 IST" skipped="0">
  <testcase classname="automationTask.flipKartTest" name="function" time="23.590"/>
  <system-out/>
</testsuite> <!-- automationTask.flipKartTest -->
