<?xml version="1.0" encoding="UTF-8"?>
<!-- Generated by org.testng.reporters.JUnitReportReporter -->
<testsuite hostname="DESKTOP-6U77UJE" failures="0" tests="1" name="demo.NewTest" time="44.715" errors="0" timestamp="2021-07-25T15:39:06 IST" skipped="0">
  <testcase classname="demo.NewTest" name="f" time="44.715"/>
  <system-out/>
</testsuite> <!-- demo.NewTest -->
